<?xml version="1.0" encoding="UTF-8"?>
<!-- Generated by org.testng.reporters.JUnitXMLReporter -->
<testsuite ignored="6" hostname="NBMHQA577.local" failures="0" tests="1" name="Default test" time="37.671" errors="0" timestamp="2021-11-17T21:09:36 WIB">
  <testcase classname="com.youtube.music.test.PlaySong" name="playPreviousSong" time="27.326"/>
  <testcase classname="com.youtube.music.test.PlaySong" name="pauseSong" time="0.0">
    <ignored/>
  </testcase> <!-- pauseSong -->
  <testcase classname="com.youtube.music.test.PlaySong" name="shuflePlaylistFromHeaderButton" time="0.0">
    <ignored/>
  </testcase> <!-- shuflePlaylistFromHeaderButton -->
  <testcase classname="com.youtube.music.test.PlaySong" name="playNextSong" time="0.0">
    <ignored/>
  </testcase> <!-- playNextSong -->
  <testcase classname="com.youtube.music.test.PlaySong" name="playSongFromPlaylistSearchResult" time="0.0">
    <ignored/>
  </testcase> <!-- playSongFromPlaylistSearchResult -->
  <testcase classname="com.youtube.music.test.PlaySong" name="playSongFromTopSearchResult" time="0.0">
    <ignored/>
  </testcase> <!-- playSongFromTopSearchResult -->
  <testcase classname="com.youtube.music.test.PlaySong" name="playSongFromPlaylistScreen" time="0.0">
    <ignored/>
  </testcase> <!-- playSongFromPlaylistScreen -->
</testsuite> <!-- Default test -->
