<?xml version="1.0" encoding="UTF-8"?>
<!-- Generated by org.testng.reporters.JUnitXMLReporter -->
<testsuite ignored="8" hostname="NBMHQA577.local" failures="0" tests="1" name="Default test" time="46.951" errors="0" timestamp="2021-11-18T10:01:26 WIB">
  <testcase classname="com.youtube.music.test.PlaySong" name="repeatPlaylist" time="36.314"/>
  <testcase classname="com.youtube.music.test.PlaySong" name="playPreviousSong" time="0.0">
    <ignored/>
  </testcase> <!-- playPreviousSong -->
  <testcase classname="com.youtube.music.test.PlaySong" name="pauseSong" time="0.0">
    <ignored/>
  </testcase> <!-- pauseSong -->
  <testcase classname="com.youtube.music.test.PlaySong" name="shuflePlaylistFromHeaderButton" time="0.0">
    <ignored/>
  </testcase> <!-- shuflePlaylistFromHeaderButton -->
  <testcase classname="com.youtube.music.test.PlaySong" name="playNextSong" time="0.0">
    <ignored/>
  </testcase> <!-- playNextSong -->
  <testcase classname="com.youtube.music.test.PlaySong" name="playSongFromPlaylistSearchResult" time="0.0">
    <ignored/>
  </testcase> <!-- playSongFromPlaylistSearchResult -->
  <testcase classname="com.youtube.music.test.PlaySong" name="playSongFromTopSearchResult" time="0.0">
    <ignored/>
  </testcase> <!-- playSongFromTopSearchResult -->
  <testcase classname="com.youtube.music.test.PlaySong" name="mutePlayedSong" time="0.0">
    <ignored/>
  </testcase> <!-- mutePlayedSong -->
  <testcase classname="com.youtube.music.test.PlaySong" name="playSongFromPlaylistScreen" time="0.0">
    <ignored/>
  </testcase> <!-- playSongFromPlaylistScreen -->
</testsuite> <!-- Default test -->
