<?xml version="1.0" encoding="UTF-8"?>
<testng-results ignored="6" total="7" passed="1" failed="0" skipped="0">
  <reporter-output>
  </reporter-output>
  <suite started-at="2021-11-17T21:08:53 WIB" name="Default suite" finished-at="2021-11-17T21:09:31 WIB" duration-ms="37671">
    <groups>
    </groups>
    <test started-at="2021-11-17T21:08:53 WIB" name="Default test" finished-at="2021-11-17T21:09:31 WIB" duration-ms="37671">
      <class name="com.youtube.music.test.PlaySong">
        <test-method is-config="true" signature="invokeBrowser()[pri:0, instance:com.youtube.music.test.PlaySong@4c15e7fd]" started-at="2021-11-17T21:08:53 WIB" name="invokeBrowser" finished-at="2021-11-17T21:09:00 WIB" duration-ms="7143" status="PASS">
          <reporter-output>
          </reporter-output>
        </test-method> <!-- invokeBrowser -->
        <test-method signature="playPreviousSong()[pri:0, instance:com.youtube.music.test.PlaySong@4c15e7fd]" started-at="2021-11-17T21:09:00 WIB" name="playPreviousSong" finished-at="2021-11-17T21:09:28 WIB" duration-ms="27326" status="PASS">
          <reporter-output>
          </reporter-output>
        </test-method> <!-- playPreviousSong -->
        <test-method is-config="true" signature="quitBrowser()[pri:0, instance:com.youtube.music.test.PlaySong@4c15e7fd]" started-at="2021-11-17T21:09:28 WIB" name="quitBrowser" finished-at="2021-11-17T21:09:31 WIB" duration-ms="3178" status="PASS">
          <reporter-output>
          </reporter-output>
        </test-method> <!-- quitBrowser -->
      </class> <!-- com.youtube.music.test.PlaySong -->
    </test> <!-- Default test -->
  </suite> <!-- Default suite -->
</testng-results>
