<?xml version="1.0" encoding="UTF-8"?>
<testng-results ignored="0" total="1" passed="1" failed="0" skipped="0">
  <reporter-output>
  </reporter-output>
  <suite started-at="2021-11-16T23:11:05 WIB" name="Default suite" finished-at="2021-11-16T23:11:14 WIB" duration-ms="9394">
    <groups>
    </groups>
    <test started-at="2021-11-16T23:11:05 WIB" name="Default test" finished-at="2021-11-16T23:11:14 WIB" duration-ms="9394">
      <class name="com.youtube.music.test.SignInTest">
        <test-method signature="signInTest()[pri:0, instance:com.youtube.music.test.SignInTest@7d3a22a9]" started-at="2021-11-16T23:11:05 WIB" name="signInTest" finished-at="2021-11-16T23:11:14 WIB" duration-ms="9363" status="PASS">
          <reporter-output>
          </reporter-output>
        </test-method> <!-- signInTest -->
      </class> <!-- com.youtube.music.test.SignInTest -->
    </test> <!-- Default test -->
  </suite> <!-- Default suite -->
</testng-results>
